Date:Tue, 11 Jul 2017 19:40:17 +0300
Array
(
    [0] => Start
    [1] => Step DiscountCatalogMigratorrun
    [2] => 
)


Date:Tue, 11 Jul 2017 19:40:17 +0300
Array
(
    [0] => Start
    [1] => Step DiscountCatalogMigratormoveDiscounts
    [2] => 
)


Date:Tue, 11 Jul 2017 19:40:17 +0300
Array
(
    [0] => finished
    [1] => Step DiscountCatalogMigratormoveDiscounts
    [2] => 
)


Date:Tue, 11 Jul 2017 19:40:17 +0300
Array
(
    [0] => Start
    [1] => Step DiscountCatalogMigratormoveCoupons
    [2] => 
)


Date:Tue, 11 Jul 2017 19:40:17 +0300
Array
(
    [0] => finished
    [1] => Step DiscountCatalogMigratormoveCoupons
    [2] => 
)


Date:Tue, 11 Jul 2017 19:40:17 +0300
Array
(
    [0] => Start
    [1] => Step DiscountCatalogMigratorfillShortDescription
    [2] => 
)


Date:Tue, 11 Jul 2017 19:40:17 +0300
Array
(
    [0] => finished
    [1] => Step DiscountCatalogMigratorfillShortDescription
    [2] => 
)


Date:Tue, 11 Jul 2017 19:40:17 +0300
Array
(
    [0] => finished
    [1] => Step DiscountCatalogMigratorrun
    [2] => 
)


